Traceback (most recent call last):
  File "/home/dell/.local/lib/python3.6/site-packages/jupyter_cache/executors/utils.py", line 56, in single_nb_execution
    record_timing=False,
  File "/home/dell/.local/lib/python3.6/site-packages/nbclient/client.py", line 1087, in execute
    return NotebookClient(nb=nb, resources=resources, km=km, **kwargs).execute()
  File "/home/dell/.local/lib/python3.6/site-packages/nbclient/util.py", line 74, in wrapped
    return just_run(coro(*args, **kwargs))
  File "/home/dell/.local/lib/python3.6/site-packages/nbclient/util.py", line 53, in just_run
    return loop.run_until_complete(coro)
  File "/usr/lib/python3.6/asyncio/base_events.py", line 484, in run_until_complete
    return future.result()
  File "/home/dell/.local/lib/python3.6/site-packages/nbclient/client.py", line 541, in async_execute
    cell, index, execution_count=self.code_cells_executed + 1
  File "/home/dell/.local/lib/python3.6/site-packages/nbclient/client.py", line 832, in async_execute_cell
    self._check_raise_for_error(cell, exec_reply)
  File "/home/dell/.local/lib/python3.6/site-packages/nbclient/client.py", line 740, in _check_raise_for_error
    raise CellExecutionError.from_cell_and_msg(cell, exec_reply['content'])
nbclient.exceptions.CellExecutionError: An error occurred while executing the following cell:
------------------
# Truy cáº­p ma tráº­n con tá»« 2 dÃ²ng cuá»‘i cÃ¹ng vÃ  2 cá»™t Ä‘áº§u tiÃªn
A[-2:, :2]
------------------

[0;31m---------------------------------------------------------------------------[0m
[0;31mNameError[0m                                 Traceback (most recent call last)
[0;32m<ipython-input-1-aef92b3a1e15>[0m in [0;36m<module>[0;34m[0m
[1;32m      1[0m [0;31m# Truy cáº­p ma tráº­n con tá»« 2 dÃ²ng cuá»‘i cÃ¹ng vÃ  2 cá»™t Ä‘áº§u tiÃªn[0m[0;34m[0m[0;34m[0m[0;34m[0m[0m
[0;32m----> 2[0;31m [0mA[0m[0;34m[[0m[0;34m-[0m[0;36m2[0m[0;34m:[0m[0;34m,[0m [0;34m:[0m[0;36m2[0m[0;34m][0m[0;34m[0m[0;34m[0m[0m
[0m
[0;31mNameError[0m: name 'A' is not defined
NameError: name 'A' is not defined

